<?xml version="1.0" encoding="UTF-8"?>
<testng-results skipped="0" failed="0" ignored="0" total="2" passed="2">
  <reporter-output>
  </reporter-output>
  <suite name="Suite" duration-ms="49266" started-at="2019-10-05T03:47:44Z" finished-at="2019-10-05T03:48:33Z">
    <groups>
    </groups>
    <test name="Test" duration-ms="49266" started-at="2019-10-05T03:47:44Z" finished-at="2019-10-05T03:48:33Z">
      <class name="testcase.TC002_EditLead">
        <test-method status="PASS" signature="setData()[pri:0, instance:testcase.TC002_EditLead@14bf9759]" name="setData" is-config="true" duration-ms="23" started-at="2019-10-05T03:47:44Z" finished-at="2019-10-05T03:47:44Z">
          <reporter-output>
          </reporter-output>
        </test-method> <!-- setData -->
        <test-method status="PASS" signature="startApp(java.lang.String)[pri:0, instance:testcase.TC002_EditLead@14bf9759]" name="startApp" is-config="true" duration-ms="5966" started-at="2019-10-05T03:47:45Z" finished-at="2019-10-05T03:47:51Z">
          <params>
            <param index="0">
              <value>
                <![CDATA[http://leaftaps.com/opentaps]]>
              </value>
            </param>
          </params>
          <reporter-output>
          </reporter-output>
        </test-method> <!-- startApp -->
        <test-method status="PASS" signature="editLead(java.lang.String, java.lang.String)[pri:0, instance:testcase.TC002_EditLead@14bf9759]" name="editLead" duration-ms="19087" started-at="2019-10-05T03:47:51Z" data-provider="CreateLeadData" finished-at="2019-10-05T03:48:10Z">
          <params>
            <param index="0">
              <value>
                <![CDATA[demosalesmanager]]>
              </value>
            </param>
            <param index="1">
              <value>
                <![CDATA[crmsfa]]>
              </value>
            </param>
          </params>
          <reporter-output>
          </reporter-output>
        </test-method> <!-- editLead -->
        <test-method status="PASS" signature="appClose()[pri:0, instance:testcase.TC002_EditLead@14bf9759]" name="appClose" is-config="true" duration-ms="2128" started-at="2019-10-05T03:48:10Z" finished-at="2019-10-05T03:48:12Z">
          <reporter-output>
          </reporter-output>
        </test-method> <!-- appClose -->
        <test-method status="PASS" signature="startApp(java.lang.String)[pri:0, instance:testcase.TC002_EditLead@14bf9759]" name="startApp" is-config="true" duration-ms="3980" started-at="2019-10-05T03:48:12Z" finished-at="2019-10-05T03:48:16Z">
          <params>
            <param index="0">
              <value>
                <![CDATA[http://leaftaps.com/opentaps]]>
              </value>
            </param>
          </params>
          <reporter-output>
          </reporter-output>
        </test-method> <!-- startApp -->
        <test-method status="PASS" signature="editLead(java.lang.String, java.lang.String)[pri:0, instance:testcase.TC002_EditLead@14bf9759]" name="editLead" duration-ms="14946" started-at="2019-10-05T03:48:16Z" data-provider="CreateLeadData" finished-at="2019-10-05T03:48:31Z">
          <params>
            <param index="0">
              <value>
                <![CDATA[demoCSR]]>
              </value>
            </param>
            <param index="1">
              <value>
                <![CDATA[crmsfa]]>
              </value>
            </param>
          </params>
          <reporter-output>
          </reporter-output>
        </test-method> <!-- editLead -->
        <test-method status="PASS" signature="appClose()[pri:0, instance:testcase.TC002_EditLead@14bf9759]" name="appClose" is-config="true" duration-ms="2131" started-at="2019-10-05T03:48:31Z" finished-at="2019-10-05T03:48:33Z">
          <reporter-output>
          </reporter-output>
        </test-method> <!-- appClose -->
      </class> <!-- testcase.TC002_EditLead -->
    </test> <!-- Test -->
  </suite> <!-- Suite -->
</testng-results>
